<?xml version="1.0" encoding="UTF-8"?>
<testsuite xmlns:xsi="http://www.w3.org/2001/XMLSchema-instance" xsi:noNamespaceSchemaLocation="https://maven.apache.org/surefire/maven-surefire-plugin/xsd/surefire-test-report.xsd" name="Test1" time="0.004" tests="0" errors="0" skipped="0" failures="0">
  <properties>
    <property name="java.specification.version" value="13"/>
    <property name="sun.cpu.isalist" value="amd64"/>
    <property name="sun.jnu.encoding" value="GBK"/>
    <property name="java.class.path" value="D:\IDEA\gmall-parent\service\service-list\target\test-classes;D:\IDEA\gmall-parent\service\service-list\target\classes;D:\IDEA\gmall-parent\service_client\service-product-client\target\service-product-client-1.0.jar;D:\IDEA\gmall-parent\common\common-util\target\common-util-1.0.jar;D:\java\dubbo\repository\org\apache\httpcomponents\httpclient\4.5.13\httpclient-4.5.13.jar;D:\java\dubbo\repository\org\apache\httpcomponents\httpcore\4.4.13\httpcore-4.4.13.jar;D:\java\dubbo\repository\net\logstash\logback\logstash-logback-encoder\5.1\logstash-logback-encoder-5.1.jar;D:\java\dubbo\repository\ch\qos\logback\logback-core\1.2.3\logback-core-1.2.3.jar;D:\java\dubbo\repository\com\fasterxml\jackson\core\jackson-databind\2.11.3\jackson-databind-2.11.3.jar;D:\java\dubbo\repository\com\fasterxml\jackson\core\jackson-annotations\2.11.3\jackson-annotations-2.11.3.jar;D:\java\dubbo\repository\com\fasterxml\jackson\core\jackson-core\2.11.3\jackson-core-2.11.3.jar;D:\java\dubbo\repository\org\springframework\boot\spring-boot-starter-data-elasticsearch\2.3.6.RELEASE\spring-boot-starter-data-elasticsearch-2.3.6.RELEASE.jar;D:\java\dubbo\repository\org\springframework\boot\spring-boot-starter\2.3.6.RELEASE\spring-boot-starter-2.3.6.RELEASE.jar;D:\java\dubbo\repository\org\springframework\boot\spring-boot-starter-logging\2.3.6.RELEASE\spring-boot-starter-logging-2.3.6.RELEASE.jar;D:\java\dubbo\repository\ch\qos\logback\logback-classic\1.2.3\logback-classic-1.2.3.jar;D:\java\dubbo\repository\org\apache\logging\log4j\log4j-to-slf4j\2.13.3\log4j-to-slf4j-2.13.3.jar;D:\java\dubbo\repository\org\apache\logging\log4j\log4j-api\2.13.3\log4j-api-2.13.3.jar;D:\java\dubbo\repository\org\slf4j\jul-to-slf4j\1.7.30\jul-to-slf4j-1.7.30.jar;D:\java\dubbo\repository\jakarta\annotation\jakarta.annotation-api\1.3.5\jakarta.annotation-api-1.3.5.jar;D:\java\dubbo\repository\org\springframework\spring-core\5.2.11.RELEASE\spring-core-5.2.11.RELEASE.jar;D:\java\dubbo\repository\org\springframework\spring-jcl\5.2.11.RELEASE\spring-jcl-5.2.11.RELEASE.jar;D:\java\dubbo\repository\org\yaml\snakeyaml\1.26\snakeyaml-1.26.jar;D:\java\dubbo\repository\org\springframework\data\spring-data-elasticsearch\4.0.5.RELEASE\spring-data-elasticsearch-4.0.5.RELEASE.jar;D:\java\dubbo\repository\org\springframework\spring-context\5.2.11.RELEASE\spring-context-5.2.11.RELEASE.jar;D:\java\dubbo\repository\org\springframework\spring-tx\5.2.11.RELEASE\spring-tx-5.2.11.RELEASE.jar;D:\java\dubbo\repository\org\springframework\data\spring-data-commons\2.3.5.RELEASE\spring-data-commons-2.3.5.RELEASE.jar;D:\java\dubbo\repository\org\elasticsearch\plugin\transport-netty4-client\7.6.2\transport-netty4-client-7.6.2.jar;D:\java\dubbo\repository\io\netty\netty-codec-http\4.1.54.Final\netty-codec-http-4.1.54.Final.jar;D:\java\dubbo\repository\io\netty\netty-resolver\4.1.54.Final\netty-resolver-4.1.54.Final.jar;D:\java\dubbo\repository\org\elasticsearch\client\elasticsearch-rest-high-level-client\7.6.2\elasticsearch-rest-high-level-client-7.6.2.jar;D:\java\dubbo\repository\org\elasticsearch\elasticsearch\7.6.2\elasticsearch-7.6.2.jar;D:\java\dubbo\repository\org\elasticsearch\elasticsearch-core\7.6.2\elasticsearch-core-7.6.2.jar;D:\java\dubbo\repository\org\elasticsearch\elasticsearch-secure-sm\7.6.2\elasticsearch-secure-sm-7.6.2.jar;D:\java\dubbo\repository\org\elasticsearch\elasticsearch-x-content\7.6.2\elasticsearch-x-content-7.6.2.jar;D:\java\dubbo\repository\com\fasterxml\jackson\dataformat\jackson-dataformat-smile\2.11.3\jackson-dataformat-smile-2.11.3.jar;D:\java\dubbo\repository\com\fasterxml\jackson\dataformat\jackson-dataformat-cbor\2.11.3\jackson-dataformat-cbor-2.11.3.jar;D:\java\dubbo\repository\org\elasticsearch\elasticsearch-geo\7.6.2\elasticsearch-geo-7.6.2.jar;D:\java\dubbo\repository\org\apache\lucene\lucene-core\8.4.0\lucene-core-8.4.0.jar;D:\java\dubbo\repository\org\apache\lucene\lucene-analyzers-common\8.4.0\lucene-analyzers-common-8.4.0.jar;D:\java\dubbo\repository\org\apache\lucene\lucene-backward-codecs\8.4.0\lucene-backward-codecs-8.4.0.jar;D:\java\dubbo\repository\org\apache\lucene\lucene-grouping\8.4.0\lucene-grouping-8.4.0.jar;D:\java\dubbo\repository\org\apache\lucene\lucene-highlighter\8.4.0\lucene-highlighter-8.4.0.jar;D:\java\dubbo\repository\org\apache\lucene\lucene-join\8.4.0\lucene-join-8.4.0.jar;D:\java\dubbo\repository\org\apache\lucene\lucene-memory\8.4.0\lucene-memory-8.4.0.jar;D:\java\dubbo\repository\org\apache\lucene\lucene-misc\8.4.0\lucene-misc-8.4.0.jar;D:\java\dubbo\repository\org\apache\lucene\lucene-queries\8.4.0\lucene-queries-8.4.0.jar;D:\java\dubbo\repository\org\apache\lucene\lucene-queryparser\8.4.0\lucene-queryparser-8.4.0.jar;D:\java\dubbo\repository\org\apache\lucene\lucene-sandbox\8.4.0\lucene-sandbox-8.4.0.jar;D:\java\dubbo\repository\org\apache\lucene\lucene-spatial\8.4.0\lucene-spatial-8.4.0.jar;D:\java\dubbo\repository\org\apache\lucene\lucene-spatial-extras\8.4.0\lucene-spatial-extras-8.4.0.jar;D:\java\dubbo\repository\org\apache\lucene\lucene-spatial3d\8.4.0\lucene-spatial3d-8.4.0.jar;D:\java\dubbo\repository\org\apache\lucene\lucene-suggest\8.4.0\lucene-suggest-8.4.0.jar;D:\java\dubbo\repository\org\elasticsearch\elasticsearch-cli\7.6.2\elasticsearch-cli-7.6.2.jar;D:\java\dubbo\repository\net\sf\jopt-simple\jopt-simple\5.0.2\jopt-simple-5.0.2.jar;D:\java\dubbo\repository\com\carrotsearch\hppc\0.8.1\hppc-0.8.1.jar;D:\java\dubbo\repository\joda-time\joda-time\2.10.4\joda-time-2.10.4.jar;D:\java\dubbo\repository\com\tdunning\t-digest\3.2\t-digest-3.2.jar;D:\java\dubbo\repository\org\elasticsearch\jna\4.5.1\jna-4.5.1.jar;D:\java\dubbo\repository\org\elasticsearch\client\elasticsearch-rest-client\7.6.2\elasticsearch-rest-client-7.6.2.jar;D:\java\dubbo\repository\org\apache\httpcomponents\httpcore-nio\4.4.13\httpcore-nio-4.4.13.jar;D:\java\dubbo\repository\org\elasticsearch\plugin\mapper-extras-client\7.6.2\mapper-extras-client-7.6.2.jar;D:\java\dubbo\repository\org\elasticsearch\plugin\parent-join-client\7.6.2\parent-join-client-7.6.2.jar;D:\java\dubbo\repository\org\elasticsearch\plugin\aggs-matrix-stats-client\7.6.2\aggs-matrix-stats-client-7.6.2.jar;D:\java\dubbo\repository\org\elasticsearch\plugin\rank-eval-client\7.6.2\rank-eval-client-7.6.2.jar;D:\java\dubbo\repository\org\elasticsearch\plugin\lang-mustache-client\7.6.2\lang-mustache-client-7.6.2.jar;D:\java\dubbo\repository\com\github\spullara\mustache\java\compiler\0.9.6\compiler-0.9.6.jar;D:\java\dubbo\repository\org\slf4j\slf4j-api\1.7.30\slf4j-api-1.7.30.jar;D:\IDEA\gmall-parent\common\service-util\target\service-util-1.0.jar;D:\java\dubbo\repository\org\springframework\boot\spring-boot-starter-data-redis\2.3.6.RELEASE\spring-boot-starter-data-redis-2.3.6.RELEASE.jar;D:\java\dubbo\repository\org\springframework\data\spring-data-redis\2.3.5.RELEASE\spring-data-redis-2.3.5.RELEASE.jar;D:\java\dubbo\repository\org\springframework\data\spring-data-keyvalue\2.3.5.RELEASE\spring-data-keyvalue-2.3.5.RELEASE.jar;D:\java\dubbo\repository\org\springframework\spring-oxm\5.2.11.RELEASE\spring-oxm-5.2.11.RELEASE.jar;D:\java\dubbo\repository\org\springframework\spring-context-support\5.2.11.RELEASE\spring-context-support-5.2.11.RELEASE.jar;D:\java\dubbo\repository\io\lettuce\lettuce-core\5.3.5.RELEASE\lettuce-core-5.3.5.RELEASE.jar;D:\java\dubbo\repository\org\apache\commons\commons-pool2\2.8.1\commons-pool2-2.8.1.jar;D:\java\dubbo\repository\org\redisson\redisson\3.15.3\redisson-3.15.3.jar;D:\java\dubbo\repository\io\netty\netty-common\4.1.54.Final\netty-common-4.1.54.Final.jar;D:\java\dubbo\repository\io\netty\netty-codec\4.1.54.Final\netty-codec-4.1.54.Final.jar;D:\java\dubbo\repository\io\netty\netty-buffer\4.1.54.Final\netty-buffer-4.1.54.Final.jar;D:\java\dubbo\repository\io\netty\netty-transport\4.1.54.Final\netty-transport-4.1.54.Final.jar;D:\java\dubbo\repository\io\netty\netty-resolver-dns\4.1.54.Final\netty-resolver-dns-4.1.54.Final.jar;D:\java\dubbo\repository\io\netty\netty-codec-dns\4.1.54.Final\netty-codec-dns-4.1.54.Final.jar;D:\java\dubbo\repository\io\netty\netty-handler\4.1.54.Final\netty-handler-4.1.54.Final.jar;D:\java\dubbo\repository\javax\cache\cache-api\1.1.1\cache-api-1.1.1.jar;D:\java\dubbo\repository\io\projectreactor\reactor-core\3.3.11.RELEASE\reactor-core-3.3.11.RELEASE.jar;D:\java\dubbo\repository\org\reactivestreams\reactive-streams\1.0.3\reactive-streams-1.0.3.jar;D:\java\dubbo\repository\io\reactivex\rxjava3\rxjava\3.0.10\rxjava-3.0.10.jar;D:\java\dubbo\repository\org\jboss\marshalling\jboss-marshalling-river\2.0.11.Final\jboss-marshalling-river-2.0.11.Final.jar;D:\java\dubbo\repository\org\jboss\marshalling\jboss-marshalling\2.0.11.Final\jboss-marshalling-2.0.11.Final.jar;D:\java\dubbo\repository\com\fasterxml\jackson\dataformat\jackson-dataformat-yaml\2.11.3\jackson-dataformat-yaml-2.11.3.jar;D:\java\dubbo\repository\net\bytebuddy\byte-buddy\1.10.18\byte-buddy-1.10.18.jar;D:\java\dubbo\repository\org\jodd\jodd-bean\5.1.6\jodd-bean-5.1.6.jar;D:\java\dubbo\repository\org\jodd\jodd-core\5.1.6\jodd-core-5.1.6.jar;D:\java\dubbo\repository\org\projectlombok\lombok\1.18.10\lombok-1.18.10.jar;D:\java\dubbo\repository\io\springfox\springfox-swagger2\2.7.0\springfox-swagger2-2.7.0.jar;D:\java\dubbo\repository\io\swagger\swagger-annotations\1.5.13\swagger-annotations-1.5.13.jar;D:\java\dubbo\repository\io\swagger\swagger-models\1.5.13\swagger-models-1.5.13.jar;D:\java\dubbo\repository\io\springfox\springfox-spi\2.7.0\springfox-spi-2.7.0.jar;D:\java\dubbo\repository\io\springfox\springfox-core\2.7.0\springfox-core-2.7.0.jar;D:\java\dubbo\repository\io\springfox\springfox-schema\2.7.0\springfox-schema-2.7.0.jar;D:\java\dubbo\repository\io\springfox\springfox-swagger-common\2.7.0\springfox-swagger-common-2.7.0.jar;D:\java\dubbo\repository\io\springfox\springfox-spring-web\2.7.0\springfox-spring-web-2.7.0.jar;D:\java\dubbo\repository\org\reflections\reflections\0.9.11\reflections-0.9.11.jar;D:\java\dubbo\repository\org\javassist\javassist\3.21.0-GA\javassist-3.21.0-GA.jar;D:\java\dubbo\repository\com\google\guava\guava\29.0-jre\guava-29.0-jre.jar;D:\java\dubbo\repository\com\google\guava\failureaccess\1.0.1\failureaccess-1.0.1.jar;D:\java\dubbo\repository\com\google\guava\listenablefuture\9999.0-empty-to-avoid-conflict-with-guava\listenablefuture-9999.0-empty-to-avoid-conflict-with-guava.jar;D:\java\dubbo\repository\com\google\code\findbugs\jsr305\3.0.2\jsr305-3.0.2.jar;D:\java\dubbo\repository\org\checkerframework\checker-qual\2.11.1\checker-qual-2.11.1.jar;D:\java\dubbo\repository\com\google\errorprone\error_prone_annotations\2.3.4\error_prone_annotations-2.3.4.jar;D:\java\dubbo\repository\com\google\j2objc\j2objc-annotations\1.3\j2objc-annotations-1.3.jar;D:\java\dubbo\repository\com\fasterxml\classmate\1.5.1\classmate-1.5.1.jar;D:\java\dubbo\repository\org\springframework\plugin\spring-plugin-core\1.2.0.RELEASE\spring-plugin-core-1.2.0.RELEASE.jar;D:\java\dubbo\repository\org\springframework\plugin\spring-plugin-metadata\1.2.0.RELEASE\spring-plugin-metadata-1.2.0.RELEASE.jar;D:\java\dubbo\repository\org\mapstruct\mapstruct\1.1.0.Final\mapstruct-1.1.0.Final.jar;D:\java\dubbo\repository\io\springfox\springfox-swagger-ui\2.7.0\springfox-swagger-ui-2.7.0.jar;D:\java\dubbo\repository\com\alibaba\fastjson\1.2.29\fastjson-1.2.29.jar;D:\IDEA\gmall-parent\model\target\model-1.0.jar;D:\java\dubbo\repository\org\springframework\boot\spring-boot-starter-web\2.3.6.RELEASE\spring-boot-starter-web-2.3.6.RELEASE.jar;D:\java\dubbo\repository\org\springframework\boot\spring-boot-starter-json\2.3.6.RELEASE\spring-boot-starter-json-2.3.6.RELEASE.jar;D:\java\dubbo\repository\com\fasterxml\jackson\datatype\jackson-datatype-jdk8\2.11.3\jackson-datatype-jdk8-2.11.3.jar;D:\java\dubbo\repository\com\fasterxml\jackson\datatype\jackson-datatype-jsr310\2.11.3\jackson-datatype-jsr310-2.11.3.jar;D:\java\dubbo\repository\com\fasterxml\jackson\module\jackson-module-parameter-names\2.11.3\jackson-module-parameter-names-2.11.3.jar;D:\java\dubbo\repository\org\springframework\boot\spring-boot-starter-tomcat\2.3.6.RELEASE\spring-boot-starter-tomcat-2.3.6.RELEASE.jar;D:\java\dubbo\repository\org\apache\tomcat\embed\tomcat-embed-core\9.0.39\tomcat-embed-core-9.0.39.jar;D:\java\dubbo\repository\org\glassfish\jakarta.el\3.0.3\jakarta.el-3.0.3.jar;D:\java\dubbo\repository\org\apache\tomcat\embed\tomcat-embed-websocket\9.0.39\tomcat-embed-websocket-9.0.39.jar;D:\java\dubbo\repository\org\springframework\spring-web\5.2.11.RELEASE\spring-web-5.2.11.RELEASE.jar;D:\java\dubbo\repository\org\springframework\spring-beans\5.2.11.RELEASE\spring-beans-5.2.11.RELEASE.jar;D:\java\dubbo\repository\org\springframework\spring-webmvc\5.2.11.RELEASE\spring-webmvc-5.2.11.RELEASE.jar;D:\java\dubbo\repository\org\springframework\spring-aop\5.2.11.RELEASE\spring-aop-5.2.11.RELEASE.jar;D:\java\dubbo\repository\org\springframework\spring-expression\5.2.11.RELEASE\spring-expression-5.2.11.RELEASE.jar;D:\java\dubbo\repository\com\baomidou\mybatis-plus-boot-starter\3.4.1\mybatis-plus-boot-starter-3.4.1.jar;D:\java\dubbo\repository\com\baomidou\mybatis-plus\3.4.1\mybatis-plus-3.4.1.jar;D:\java\dubbo\repository\com\baomidou\mybatis-plus-extension\3.4.1\mybatis-plus-extension-3.4.1.jar;D:\java\dubbo\repository\com\baomidou\mybatis-plus-core\3.4.1\mybatis-plus-core-3.4.1.jar;D:\java\dubbo\repository\com\baomidou\mybatis-plus-annotation\3.4.1\mybatis-plus-annotation-3.4.1.jar;D:\java\dubbo\repository\com\github\jsqlparser\jsqlparser\3.2\jsqlparser-3.2.jar;D:\java\dubbo\repository\org\mybatis\mybatis\3.5.6\mybatis-3.5.6.jar;D:\java\dubbo\repository\org\mybatis\mybatis-spring\2.0.5\mybatis-spring-2.0.5.jar;D:\java\dubbo\repository\org\springframework\boot\spring-boot-autoconfigure\2.3.6.RELEASE\spring-boot-autoconfigure-2.3.6.RELEASE.jar;D:\java\dubbo\repository\org\springframework\boot\spring-boot-starter-jdbc\2.3.6.RELEASE\spring-boot-starter-jdbc-2.3.6.RELEASE.jar;D:\java\dubbo\repository\com\zaxxer\HikariCP\3.4.5\HikariCP-3.4.5.jar;D:\java\dubbo\repository\org\springframework\spring-jdbc\5.2.11.RELEASE\spring-jdbc-5.2.11.RELEASE.jar;D:\java\dubbo\repository\mysql\mysql-connector-java\5.1.46\mysql-connector-java-5.1.46.jar;D:\java\dubbo\repository\com\alibaba\cloud\spring-cloud-starter-alibaba-nacos-discovery\2.2.5.RELEASE\spring-cloud-starter-alibaba-nacos-discovery-2.2.5.RELEASE.jar;D:\java\dubbo\repository\com\alibaba\cloud\spring-cloud-alibaba-commons\2.2.5.RELEASE\spring-cloud-alibaba-commons-2.2.5.RELEASE.jar;D:\java\dubbo\repository\com\alibaba\nacos\nacos-client\1.4.1\nacos-client-1.4.1.jar;D:\java\dubbo\repository\com\alibaba\nacos\nacos-common\1.4.1\nacos-common-1.4.1.jar;D:\java\dubbo\repository\commons-io\commons-io\2.2\commons-io-2.2.jar;D:\java\dubbo\repository\org\apache\httpcomponents\httpasyncclient\4.1.4\httpasyncclient-4.1.4.jar;D:\java\dubbo\repository\com\alibaba\nacos\nacos-api\1.4.1\nacos-api-1.4.1.jar;D:\java\dubbo\repository\commons-codec\commons-codec\1.14\commons-codec-1.14.jar;D:\java\dubbo\repository\io\prometheus\simpleclient\0.5.0\simpleclient-0.5.0.jar;D:\java\dubbo\repository\com\alibaba\spring\spring-context-support\1.0.10\spring-context-support-1.0.10.jar;D:\java\dubbo\repository\org\springframework\cloud\spring-cloud-commons\2.2.5.RELEASE\spring-cloud-commons-2.2.5.RELEASE.jar;D:\java\dubbo\repository\org\springframework\security\spring-security-crypto\5.3.5.RELEASE\spring-security-crypto-5.3.5.RELEASE.jar;D:\java\dubbo\repository\org\springframework\cloud\spring-cloud-context\2.2.5.RELEASE\spring-cloud-context-2.2.5.RELEASE.jar;D:\java\dubbo\repository\org\springframework\cloud\spring-cloud-starter-netflix-ribbon\2.2.5.RELEASE\spring-cloud-starter-netflix-ribbon-2.2.5.RELEASE.jar;D:\java\dubbo\repository\org\springframework\cloud\spring-cloud-netflix-ribbon\2.2.5.RELEASE\spring-cloud-netflix-ribbon-2.2.5.RELEASE.jar;D:\java\dubbo\repository\org\springframework\cloud\spring-cloud-netflix-archaius\2.2.5.RELEASE\spring-cloud-netflix-archaius-2.2.5.RELEASE.jar;D:\java\dubbo\repository\org\springframework\cloud\spring-cloud-starter-netflix-archaius\2.2.5.RELEASE\spring-cloud-starter-netflix-archaius-2.2.5.RELEASE.jar;D:\java\dubbo\repository\commons-configuration\commons-configuration\1.8\commons-configuration-1.8.jar;D:\java\dubbo\repository\com\netflix\ribbon\ribbon\2.3.0\ribbon-2.3.0.jar;D:\java\dubbo\repository\com\netflix\ribbon\ribbon-transport\2.3.0\ribbon-transport-2.3.0.jar;D:\java\dubbo\repository\io\reactivex\rxnetty-contexts\0.4.9\rxnetty-contexts-0.4.9.jar;D:\java\dubbo\repository\io\reactivex\rxnetty-servo\0.4.9\rxnetty-servo-0.4.9.jar;D:\java\dubbo\repository\javax\inject\javax.inject\1\javax.inject-1.jar;D:\java\dubbo\repository\io\reactivex\rxnetty\0.4.9\rxnetty-0.4.9.jar;D:\java\dubbo\repository\com\netflix\ribbon\ribbon-core\2.3.0\ribbon-core-2.3.0.jar;D:\java\dubbo\repository\commons-lang\commons-lang\2.6\commons-lang-2.6.jar;D:\java\dubbo\repository\com\netflix\ribbon\ribbon-httpclient\2.3.0\ribbon-httpclient-2.3.0.jar;D:\java\dubbo\repository\commons-collections\commons-collections\3.2.2\commons-collections-3.2.2.jar;D:\java\dubbo\repository\com\sun\jersey\jersey-client\1.19.1\jersey-client-1.19.1.jar;D:\java\dubbo\repository\com\sun\jersey\jersey-core\1.19.1\jersey-core-1.19.1.jar;D:\java\dubbo\repository\javax\ws\rs\jsr311-api\1.1.1\jsr311-api-1.1.1.jar;D:\java\dubbo\repository\com\sun\jersey\contribs\jersey-apache-client4\1.19.1\jersey-apache-client4-1.19.1.jar;D:\java\dubbo\repository\com\netflix\servo\servo-core\0.12.21\servo-core-0.12.21.jar;D:\java\dubbo\repository\com\netflix\netflix-commons\netflix-commons-util\0.3.0\netflix-commons-util-0.3.0.jar;D:\java\dubbo\repository\com\netflix\ribbon\ribbon-loadbalancer\2.3.0\ribbon-loadbalancer-2.3.0.jar;D:\java\dubbo\repository\com\netflix\netflix-commons\netflix-statistics\0.1.1\netflix-statistics-0.1.1.jar;D:\java\dubbo\repository\io\reactivex\rxjava\1.3.8\rxjava-1.3.8.jar;D:\java\dubbo\repository\com\alibaba\cloud\spring-cloud-starter-alibaba-nacos-config\2.2.5.RELEASE\spring-cloud-starter-alibaba-nacos-config-2.2.5.RELEASE.jar;D:\java\dubbo\repository\org\springframework\cloud\spring-cloud-starter-openfeign\2.2.5.RELEASE\spring-cloud-starter-openfeign-2.2.5.RELEASE.jar;D:\java\dubbo\repository\org\springframework\cloud\spring-cloud-starter\2.2.5.RELEASE\spring-cloud-starter-2.2.5.RELEASE.jar;D:\java\dubbo\repository\org\springframework\security\spring-security-rsa\1.0.9.RELEASE\spring-security-rsa-1.0.9.RELEASE.jar;D:\java\dubbo\repository\org\bouncycastle\bcpkix-jdk15on\1.64\bcpkix-jdk15on-1.64.jar;D:\java\dubbo\repository\org\bouncycastle\bcprov-jdk15on\1.64\bcprov-jdk15on-1.64.jar;D:\java\dubbo\repository\org\springframework\cloud\spring-cloud-openfeign-core\2.2.5.RELEASE\spring-cloud-openfeign-core-2.2.5.RELEASE.jar;D:\java\dubbo\repository\org\springframework\boot\spring-boot-starter-aop\2.3.6.RELEASE\spring-boot-starter-aop-2.3.6.RELEASE.jar;D:\java\dubbo\repository\io\github\openfeign\form\feign-form-spring\3.8.0\feign-form-spring-3.8.0.jar;D:\java\dubbo\repository\io\github\openfeign\form\feign-form\3.8.0\feign-form-3.8.0.jar;D:\java\dubbo\repository\commons-fileupload\commons-fileupload\1.4\commons-fileupload-1.4.jar;D:\java\dubbo\repository\io\github\openfeign\feign-core\10.10.1\feign-core-10.10.1.jar;D:\java\dubbo\repository\io\github\openfeign\feign-slf4j\10.10.1\feign-slf4j-10.10.1.jar;D:\java\dubbo\repository\io\github\openfeign\feign-hystrix\10.10.1\feign-hystrix-10.10.1.jar;D:\java\dubbo\repository\com\netflix\archaius\archaius-core\0.7.6\archaius-core-0.7.6.jar;D:\java\dubbo\repository\com\netflix\hystrix\hystrix-core\1.5.18\hystrix-core-1.5.18.jar;D:\java\dubbo\repository\org\hdrhistogram\HdrHistogram\2.1.9\HdrHistogram-2.1.9.jar;D:\java\dubbo\repository\com\alibaba\cloud\spring-cloud-starter-alibaba-sentinel\2.2.5.RELEASE\spring-cloud-starter-alibaba-sentinel-2.2.5.RELEASE.jar;D:\java\dubbo\repository\com\alibaba\csp\sentinel-transport-simple-http\1.8.0\sentinel-transport-simple-http-1.8.0.jar;D:\java\dubbo\repository\com\alibaba\csp\sentinel-transport-common\1.8.0\sentinel-transport-common-1.8.0.jar;D:\java\dubbo\repository\com\alibaba\csp\sentinel-datasource-extension\1.8.0\sentinel-datasource-extension-1.8.0.jar;D:\java\dubbo\repository\com\alibaba\csp\sentinel-annotation-aspectj\1.8.0\sentinel-annotation-aspectj-1.8.0.jar;D:\java\dubbo\repository\com\alibaba\csp\sentinel-core\1.8.0\sentinel-core-1.8.0.jar;D:\java\dubbo\repository\org\aspectj\aspectjrt\1.9.6\aspectjrt-1.9.6.jar;D:\java\dubbo\repository\org\aspectj\aspectjweaver\1.9.6\aspectjweaver-1.9.6.jar;D:\java\dubbo\repository\com\alibaba\cloud\spring-cloud-circuitbreaker-sentinel\2.2.5.RELEASE\spring-cloud-circuitbreaker-sentinel-2.2.5.RELEASE.jar;D:\java\dubbo\repository\com\alibaba\csp\sentinel-reactor-adapter\1.8.0\sentinel-reactor-adapter-1.8.0.jar;D:\java\dubbo\repository\com\alibaba\csp\sentinel-spring-webflux-adapter\1.8.0\sentinel-spring-webflux-adapter-1.8.0.jar;D:\java\dubbo\repository\com\alibaba\csp\sentinel-spring-webmvc-adapter\1.8.0\sentinel-spring-webmvc-adapter-1.8.0.jar;D:\java\dubbo\repository\com\alibaba\csp\sentinel-parameter-flow-control\1.8.0\sentinel-parameter-flow-control-1.8.0.jar;D:\java\dubbo\repository\com\googlecode\concurrentlinkedhashmap\concurrentlinkedhashmap-lru\1.4.2\concurrentlinkedhashmap-lru-1.4.2.jar;D:\java\dubbo\repository\com\alibaba\csp\sentinel-cluster-server-default\1.8.0\sentinel-cluster-server-default-1.8.0.jar;D:\java\dubbo\repository\com\alibaba\csp\sentinel-cluster-common-default\1.8.0\sentinel-cluster-common-default-1.8.0.jar;D:\java\dubbo\repository\com\alibaba\csp\sentinel-cluster-client-default\1.8.0\sentinel-cluster-client-default-1.8.0.jar;D:\java\dubbo\repository\com\alibaba\cloud\spring-cloud-alibaba-sentinel-datasource\2.2.5.RELEASE\spring-cloud-alibaba-sentinel-datasource-2.2.5.RELEASE.jar;D:\java\dubbo\repository\org\springframework\boot\spring-boot-devtools\2.3.6.RELEASE\spring-boot-devtools-2.3.6.RELEASE.jar;D:\java\dubbo\repository\org\springframework\boot\spring-boot\2.3.6.RELEASE\spring-boot-2.3.6.RELEASE.jar;D:\java\dubbo\repository\org\springframework\cloud\spring-cloud-starter-zipkin\2.2.5.RELEASE\spring-cloud-starter-zipkin-2.2.5.RELEASE.jar;D:\java\dubbo\repository\org\springframework\cloud\spring-cloud-starter-sleuth\2.2.5.RELEASE\spring-cloud-starter-sleuth-2.2.5.RELEASE.jar;D:\java\dubbo\repository\org\springframework\cloud\spring-cloud-sleuth-core\2.2.5.RELEASE\spring-cloud-sleuth-core-2.2.5.RELEASE.jar;D:\java\dubbo\repository\io\zipkin\brave\brave\5.12.3\brave-5.12.3.jar;D:\java\dubbo\repository\io\zipkin\brave\brave-context-slf4j\5.12.3\brave-context-slf4j-5.12.3.jar;D:\java\dubbo\repository\io\zipkin\brave\brave-instrumentation-messaging\5.12.3\brave-instrumentation-messaging-5.12.3.jar;D:\java\dubbo\repository\io\zipkin\brave\brave-instrumentation-rpc\5.12.3\brave-instrumentation-rpc-5.12.3.jar;D:\java\dubbo\repository\io\zipkin\brave\brave-instrumentation-spring-web\5.12.3\brave-instrumentation-spring-web-5.12.3.jar;D:\java\dubbo\repository\io\zipkin\brave\brave-instrumentation-http\5.12.3\brave-instrumentation-http-5.12.3.jar;D:\java\dubbo\repository\io\zipkin\brave\brave-instrumentation-spring-rabbit\5.12.3\brave-instrumentation-spring-rabbit-5.12.3.jar;D:\java\dubbo\repository\io\zipkin\brave\brave-instrumentation-kafka-clients\5.12.3\brave-instrumentation-kafka-clients-5.12.3.jar;D:\java\dubbo\repository\io\zipkin\brave\brave-instrumentation-kafka-streams\5.12.3\brave-instrumentation-kafka-streams-5.12.3.jar;D:\java\dubbo\repository\io\zipkin\brave\brave-instrumentation-httpclient\5.12.3\brave-instrumentation-httpclient-5.12.3.jar;D:\java\dubbo\repository\io\zipkin\brave\brave-instrumentation-httpasyncclient\5.12.3\brave-instrumentation-httpasyncclient-5.12.3.jar;D:\java\dubbo\repository\io\zipkin\brave\brave-instrumentation-spring-webmvc\5.12.3\brave-instrumentation-spring-webmvc-5.12.3.jar;D:\java\dubbo\repository\io\zipkin\brave\brave-instrumentation-servlet\5.12.3\brave-instrumentation-servlet-5.12.3.jar;D:\java\dubbo\repository\io\zipkin\brave\brave-instrumentation-jms\5.12.3\brave-instrumentation-jms-5.12.3.jar;D:\java\dubbo\repository\io\zipkin\reporter2\zipkin-reporter-metrics-micrometer\2.15.0\zipkin-reporter-metrics-micrometer-2.15.0.jar;D:\java\dubbo\repository\org\springframework\cloud\spring-cloud-sleuth-zipkin\2.2.5.RELEASE\spring-cloud-sleuth-zipkin-2.2.5.RELEASE.jar;D:\java\dubbo\repository\io\zipkin\zipkin2\zipkin\2.21.1\zipkin-2.21.1.jar;D:\java\dubbo\repository\io\zipkin\reporter2\zipkin-reporter\2.15.0\zipkin-reporter-2.15.0.jar;D:\java\dubbo\repository\io\zipkin\reporter2\zipkin-reporter-brave\2.15.0\zipkin-reporter-brave-2.15.0.jar;D:\java\dubbo\repository\io\zipkin\reporter2\zipkin-sender-kafka\2.15.0\zipkin-sender-kafka-2.15.0.jar;D:\java\dubbo\repository\io\zipkin\reporter2\zipkin-sender-activemq-client\2.15.0\zipkin-sender-activemq-client-2.15.0.jar;D:\java\dubbo\repository\io\zipkin\reporter2\zipkin-sender-amqp-client\2.15.0\zipkin-sender-amqp-client-2.15.0.jar;"/>
    <property name="java.vm.vendor" value="Oracle Corporation"/>
    <property name="sun.arch.data.model" value="64"/>
    <property name="user.variant" value=""/>
    <property name="java.vendor.url" value="https://java.oracle.com/"/>
    <property name="user.timezone" value="Asia/Shanghai"/>
    <property name="os.name" value="Windows 10"/>
    <property name="java.vm.specification.version" value="13"/>
    <property name="sun.java.launcher" value="SUN_STANDARD"/>
    <property name="user.country" value="CN"/>
    <property name="sun.boot.library.path" value="D:\java\Java\jdk-13\bin"/>
    <property name="sun.java.command" value="C:\Users\OMEN\AppData\Local\Temp\surefire8172807792206690856\surefirebooter8514228536598603623.jar C:\Users\OMEN\AppData\Local\Temp\surefire8172807792206690856 2021-08-27T20-35-38_731-jvmRun1 surefire3021884592673805587tmp surefire_08541839854912134451tmp"/>
    <property name="jdk.debug" value="release"/>
    <property name="surefire.test.class.path" value="D:\IDEA\gmall-parent\service\service-list\target\test-classes;D:\IDEA\gmall-parent\service\service-list\target\classes;D:\IDEA\gmall-parent\service_client\service-product-client\target\service-product-client-1.0.jar;D:\IDEA\gmall-parent\common\common-util\target\common-util-1.0.jar;D:\java\dubbo\repository\org\apache\httpcomponents\httpclient\4.5.13\httpclient-4.5.13.jar;D:\java\dubbo\repository\org\apache\httpcomponents\httpcore\4.4.13\httpcore-4.4.13.jar;D:\java\dubbo\repository\net\logstash\logback\logstash-logback-encoder\5.1\logstash-logback-encoder-5.1.jar;D:\java\dubbo\repository\ch\qos\logback\logback-core\1.2.3\logback-core-1.2.3.jar;D:\java\dubbo\repository\com\fasterxml\jackson\core\jackson-databind\2.11.3\jackson-databind-2.11.3.jar;D:\java\dubbo\repository\com\fasterxml\jackson\core\jackson-annotations\2.11.3\jackson-annotations-2.11.3.jar;D:\java\dubbo\repository\com\fasterxml\jackson\core\jackson-core\2.11.3\jackson-core-2.11.3.jar;D:\java\dubbo\repository\org\springframework\boot\spring-boot-starter-data-elasticsearch\2.3.6.RELEASE\spring-boot-starter-data-elasticsearch-2.3.6.RELEASE.jar;D:\java\dubbo\repository\org\springframework\boot\spring-boot-starter\2.3.6.RELEASE\spring-boot-starter-2.3.6.RELEASE.jar;D:\java\dubbo\repository\org\springframework\boot\spring-boot-starter-logging\2.3.6.RELEASE\spring-boot-starter-logging-2.3.6.RELEASE.jar;D:\java\dubbo\repository\ch\qos\logback\logback-classic\1.2.3\logback-classic-1.2.3.jar;D:\java\dubbo\repository\org\apache\logging\log4j\log4j-to-slf4j\2.13.3\log4j-to-slf4j-2.13.3.jar;D:\java\dubbo\repository\org\apache\logging\log4j\log4j-api\2.13.3\log4j-api-2.13.3.jar;D:\java\dubbo\repository\org\slf4j\jul-to-slf4j\1.7.30\jul-to-slf4j-1.7.30.jar;D:\java\dubbo\repository\jakarta\annotation\jakarta.annotation-api\1.3.5\jakarta.annotation-api-1.3.5.jar;D:\java\dubbo\repository\org\springframework\spring-core\5.2.11.RELEASE\spring-core-5.2.11.RELEASE.jar;D:\java\dubbo\repository\org\springframework\spring-jcl\5.2.11.RELEASE\spring-jcl-5.2.11.RELEASE.jar;D:\java\dubbo\repository\org\yaml\snakeyaml\1.26\snakeyaml-1.26.jar;D:\java\dubbo\repository\org\springframework\data\spring-data-elasticsearch\4.0.5.RELEASE\spring-data-elasticsearch-4.0.5.RELEASE.jar;D:\java\dubbo\repository\org\springframework\spring-context\5.2.11.RELEASE\spring-context-5.2.11.RELEASE.jar;D:\java\dubbo\repository\org\springframework\spring-tx\5.2.11.RELEASE\spring-tx-5.2.11.RELEASE.jar;D:\java\dubbo\repository\org\springframework\data\spring-data-commons\2.3.5.RELEASE\spring-data-commons-2.3.5.RELEASE.jar;D:\java\dubbo\repository\org\elasticsearch\plugin\transport-netty4-client\7.6.2\transport-netty4-client-7.6.2.jar;D:\java\dubbo\repository\io\netty\netty-codec-http\4.1.54.Final\netty-codec-http-4.1.54.Final.jar;D:\java\dubbo\repository\io\netty\netty-resolver\4.1.54.Final\netty-resolver-4.1.54.Final.jar;D:\java\dubbo\repository\org\elasticsearch\client\elasticsearch-rest-high-level-client\7.6.2\elasticsearch-rest-high-level-client-7.6.2.jar;D:\java\dubbo\repository\org\elasticsearch\elasticsearch\7.6.2\elasticsearch-7.6.2.jar;D:\java\dubbo\repository\org\elasticsearch\elasticsearch-core\7.6.2\elasticsearch-core-7.6.2.jar;D:\java\dubbo\repository\org\elasticsearch\elasticsearch-secure-sm\7.6.2\elasticsearch-secure-sm-7.6.2.jar;D:\java\dubbo\repository\org\elasticsearch\elasticsearch-x-content\7.6.2\elasticsearch-x-content-7.6.2.jar;D:\java\dubbo\repository\com\fasterxml\jackson\dataformat\jackson-dataformat-smile\2.11.3\jackson-dataformat-smile-2.11.3.jar;D:\java\dubbo\repository\com\fasterxml\jackson\dataformat\jackson-dataformat-cbor\2.11.3\jackson-dataformat-cbor-2.11.3.jar;D:\java\dubbo\repository\org\elasticsearch\elasticsearch-geo\7.6.2\elasticsearch-geo-7.6.2.jar;D:\java\dubbo\repository\org\apache\lucene\lucene-core\8.4.0\lucene-core-8.4.0.jar;D:\java\dubbo\repository\org\apache\lucene\lucene-analyzers-common\8.4.0\lucene-analyzers-common-8.4.0.jar;D:\java\dubbo\repository\org\apache\lucene\lucene-backward-codecs\8.4.0\lucene-backward-codecs-8.4.0.jar;D:\java\dubbo\repository\org\apache\lucene\lucene-grouping\8.4.0\lucene-grouping-8.4.0.jar;D:\java\dubbo\repository\org\apache\lucene\lucene-highlighter\8.4.0\lucene-highlighter-8.4.0.jar;D:\java\dubbo\repository\org\apache\lucene\lucene-join\8.4.0\lucene-join-8.4.0.jar;D:\java\dubbo\repository\org\apache\lucene\lucene-memory\8.4.0\lucene-memory-8.4.0.jar;D:\java\dubbo\repository\org\apache\lucene\lucene-misc\8.4.0\lucene-misc-8.4.0.jar;D:\java\dubbo\repository\org\apache\lucene\lucene-queries\8.4.0\lucene-queries-8.4.0.jar;D:\java\dubbo\repository\org\apache\lucene\lucene-queryparser\8.4.0\lucene-queryparser-8.4.0.jar;D:\java\dubbo\repository\org\apache\lucene\lucene-sandbox\8.4.0\lucene-sandbox-8.4.0.jar;D:\java\dubbo\repository\org\apache\lucene\lucene-spatial\8.4.0\lucene-spatial-8.4.0.jar;D:\java\dubbo\repository\org\apache\lucene\lucene-spatial-extras\8.4.0\lucene-spatial-extras-8.4.0.jar;D:\java\dubbo\repository\org\apache\lucene\lucene-spatial3d\8.4.0\lucene-spatial3d-8.4.0.jar;D:\java\dubbo\repository\org\apache\lucene\lucene-suggest\8.4.0\lucene-suggest-8.4.0.jar;D:\java\dubbo\repository\org\elasticsearch\elasticsearch-cli\7.6.2\elasticsearch-cli-7.6.2.jar;D:\java\dubbo\repository\net\sf\jopt-simple\jopt-simple\5.0.2\jopt-simple-5.0.2.jar;D:\java\dubbo\repository\com\carrotsearch\hppc\0.8.1\hppc-0.8.1.jar;D:\java\dubbo\repository\joda-time\joda-time\2.10.4\joda-time-2.10.4.jar;D:\java\dubbo\repository\com\tdunning\t-digest\3.2\t-digest-3.2.jar;D:\java\dubbo\repository\org\elasticsearch\jna\4.5.1\jna-4.5.1.jar;D:\java\dubbo\repository\org\elasticsearch\client\elasticsearch-rest-client\7.6.2\elasticsearch-rest-client-7.6.2.jar;D:\java\dubbo\repository\org\apache\httpcomponents\httpcore-nio\4.4.13\httpcore-nio-4.4.13.jar;D:\java\dubbo\repository\org\elasticsearch\plugin\mapper-extras-client\7.6.2\mapper-extras-client-7.6.2.jar;D:\java\dubbo\repository\org\elasticsearch\plugin\parent-join-client\7.6.2\parent-join-client-7.6.2.jar;D:\java\dubbo\repository\org\elasticsearch\plugin\aggs-matrix-stats-client\7.6.2\aggs-matrix-stats-client-7.6.2.jar;D:\java\dubbo\repository\org\elasticsearch\plugin\rank-eval-client\7.6.2\rank-eval-client-7.6.2.jar;D:\java\dubbo\repository\org\elasticsearch\plugin\lang-mustache-client\7.6.2\lang-mustache-client-7.6.2.jar;D:\java\dubbo\repository\com\github\spullara\mustache\java\compiler\0.9.6\compiler-0.9.6.jar;D:\java\dubbo\repository\org\slf4j\slf4j-api\1.7.30\slf4j-api-1.7.30.jar;D:\IDEA\gmall-parent\common\service-util\target\service-util-1.0.jar;D:\java\dubbo\repository\org\springframework\boot\spring-boot-starter-data-redis\2.3.6.RELEASE\spring-boot-starter-data-redis-2.3.6.RELEASE.jar;D:\java\dubbo\repository\org\springframework\data\spring-data-redis\2.3.5.RELEASE\spring-data-redis-2.3.5.RELEASE.jar;D:\java\dubbo\repository\org\springframework\data\spring-data-keyvalue\2.3.5.RELEASE\spring-data-keyvalue-2.3.5.RELEASE.jar;D:\java\dubbo\repository\org\springframework\spring-oxm\5.2.11.RELEASE\spring-oxm-5.2.11.RELEASE.jar;D:\java\dubbo\repository\org\springframework\spring-context-support\5.2.11.RELEASE\spring-context-support-5.2.11.RELEASE.jar;D:\java\dubbo\repository\io\lettuce\lettuce-core\5.3.5.RELEASE\lettuce-core-5.3.5.RELEASE.jar;D:\java\dubbo\repository\org\apache\commons\commons-pool2\2.8.1\commons-pool2-2.8.1.jar;D:\java\dubbo\repository\org\redisson\redisson\3.15.3\redisson-3.15.3.jar;D:\java\dubbo\repository\io\netty\netty-common\4.1.54.Final\netty-common-4.1.54.Final.jar;D:\java\dubbo\repository\io\netty\netty-codec\4.1.54.Final\netty-codec-4.1.54.Final.jar;D:\java\dubbo\repository\io\netty\netty-buffer\4.1.54.Final\netty-buffer-4.1.54.Final.jar;D:\java\dubbo\repository\io\netty\netty-transport\4.1.54.Final\netty-transport-4.1.54.Final.jar;D:\java\dubbo\repository\io\netty\netty-resolver-dns\4.1.54.Final\netty-resolver-dns-4.1.54.Final.jar;D:\java\dubbo\repository\io\netty\netty-codec-dns\4.1.54.Final\netty-codec-dns-4.1.54.Final.jar;D:\java\dubbo\repository\io\netty\netty-handler\4.1.54.Final\netty-handler-4.1.54.Final.jar;D:\java\dubbo\repository\javax\cache\cache-api\1.1.1\cache-api-1.1.1.jar;D:\java\dubbo\repository\io\projectreactor\reactor-core\3.3.11.RELEASE\reactor-core-3.3.11.RELEASE.jar;D:\java\dubbo\repository\org\reactivestreams\reactive-streams\1.0.3\reactive-streams-1.0.3.jar;D:\java\dubbo\repository\io\reactivex\rxjava3\rxjava\3.0.10\rxjava-3.0.10.jar;D:\java\dubbo\repository\org\jboss\marshalling\jboss-marshalling-river\2.0.11.Final\jboss-marshalling-river-2.0.11.Final.jar;D:\java\dubbo\repository\org\jboss\marshalling\jboss-marshalling\2.0.11.Final\jboss-marshalling-2.0.11.Final.jar;D:\java\dubbo\repository\com\fasterxml\jackson\dataformat\jackson-dataformat-yaml\2.11.3\jackson-dataformat-yaml-2.11.3.jar;D:\java\dubbo\repository\net\bytebuddy\byte-buddy\1.10.18\byte-buddy-1.10.18.jar;D:\java\dubbo\repository\org\jodd\jodd-bean\5.1.6\jodd-bean-5.1.6.jar;D:\java\dubbo\repository\org\jodd\jodd-core\5.1.6\jodd-core-5.1.6.jar;D:\java\dubbo\repository\org\projectlombok\lombok\1.18.10\lombok-1.18.10.jar;D:\java\dubbo\repository\io\springfox\springfox-swagger2\2.7.0\springfox-swagger2-2.7.0.jar;D:\java\dubbo\repository\io\swagger\swagger-annotations\1.5.13\swagger-annotations-1.5.13.jar;D:\java\dubbo\repository\io\swagger\swagger-models\1.5.13\swagger-models-1.5.13.jar;D:\java\dubbo\repository\io\springfox\springfox-spi\2.7.0\springfox-spi-2.7.0.jar;D:\java\dubbo\repository\io\springfox\springfox-core\2.7.0\springfox-core-2.7.0.jar;D:\java\dubbo\repository\io\springfox\springfox-schema\2.7.0\springfox-schema-2.7.0.jar;D:\java\dubbo\repository\io\springfox\springfox-swagger-common\2.7.0\springfox-swagger-common-2.7.0.jar;D:\java\dubbo\repository\io\springfox\springfox-spring-web\2.7.0\springfox-spring-web-2.7.0.jar;D:\java\dubbo\repository\org\reflections\reflections\0.9.11\reflections-0.9.11.jar;D:\java\dubbo\repository\org\javassist\javassist\3.21.0-GA\javassist-3.21.0-GA.jar;D:\java\dubbo\repository\com\google\guava\guava\29.0-jre\guava-29.0-jre.jar;D:\java\dubbo\repository\com\google\guava\failureaccess\1.0.1\failureaccess-1.0.1.jar;D:\java\dubbo\repository\com\google\guava\listenablefuture\9999.0-empty-to-avoid-conflict-with-guava\listenablefuture-9999.0-empty-to-avoid-conflict-with-guava.jar;D:\java\dubbo\repository\com\google\code\findbugs\jsr305\3.0.2\jsr305-3.0.2.jar;D:\java\dubbo\repository\org\checkerframework\checker-qual\2.11.1\checker-qual-2.11.1.jar;D:\java\dubbo\repository\com\google\errorprone\error_prone_annotations\2.3.4\error_prone_annotations-2.3.4.jar;D:\java\dubbo\repository\com\google\j2objc\j2objc-annotations\1.3\j2objc-annotations-1.3.jar;D:\java\dubbo\repository\com\fasterxml\classmate\1.5.1\classmate-1.5.1.jar;D:\java\dubbo\repository\org\springframework\plugin\spring-plugin-core\1.2.0.RELEASE\spring-plugin-core-1.2.0.RELEASE.jar;D:\java\dubbo\repository\org\springframework\plugin\spring-plugin-metadata\1.2.0.RELEASE\spring-plugin-metadata-1.2.0.RELEASE.jar;D:\java\dubbo\repository\org\mapstruct\mapstruct\1.1.0.Final\mapstruct-1.1.0.Final.jar;D:\java\dubbo\repository\io\springfox\springfox-swagger-ui\2.7.0\springfox-swagger-ui-2.7.0.jar;D:\java\dubbo\repository\com\alibaba\fastjson\1.2.29\fastjson-1.2.29.jar;D:\IDEA\gmall-parent\model\target\model-1.0.jar;D:\java\dubbo\repository\org\springframework\boot\spring-boot-starter-web\2.3.6.RELEASE\spring-boot-starter-web-2.3.6.RELEASE.jar;D:\java\dubbo\repository\org\springframework\boot\spring-boot-starter-json\2.3.6.RELEASE\spring-boot-starter-json-2.3.6.RELEASE.jar;D:\java\dubbo\repository\com\fasterxml\jackson\datatype\jackson-datatype-jdk8\2.11.3\jackson-datatype-jdk8-2.11.3.jar;D:\java\dubbo\repository\com\fasterxml\jackson\datatype\jackson-datatype-jsr310\2.11.3\jackson-datatype-jsr310-2.11.3.jar;D:\java\dubbo\repository\com\fasterxml\jackson\module\jackson-module-parameter-names\2.11.3\jackson-module-parameter-names-2.11.3.jar;D:\java\dubbo\repository\org\springframework\boot\spring-boot-starter-tomcat\2.3.6.RELEASE\spring-boot-starter-tomcat-2.3.6.RELEASE.jar;D:\java\dubbo\repository\org\apache\tomcat\embed\tomcat-embed-core\9.0.39\tomcat-embed-core-9.0.39.jar;D:\java\dubbo\repository\org\glassfish\jakarta.el\3.0.3\jakarta.el-3.0.3.jar;D:\java\dubbo\repository\org\apache\tomcat\embed\tomcat-embed-websocket\9.0.39\tomcat-embed-websocket-9.0.39.jar;D:\java\dubbo\repository\org\springframework\spring-web\5.2.11.RELEASE\spring-web-5.2.11.RELEASE.jar;D:\java\dubbo\repository\org\springframework\spring-beans\5.2.11.RELEASE\spring-beans-5.2.11.RELEASE.jar;D:\java\dubbo\repository\org\springframework\spring-webmvc\5.2.11.RELEASE\spring-webmvc-5.2.11.RELEASE.jar;D:\java\dubbo\repository\org\springframework\spring-aop\5.2.11.RELEASE\spring-aop-5.2.11.RELEASE.jar;D:\java\dubbo\repository\org\springframework\spring-expression\5.2.11.RELEASE\spring-expression-5.2.11.RELEASE.jar;D:\java\dubbo\repository\com\baomidou\mybatis-plus-boot-starter\3.4.1\mybatis-plus-boot-starter-3.4.1.jar;D:\java\dubbo\repository\com\baomidou\mybatis-plus\3.4.1\mybatis-plus-3.4.1.jar;D:\java\dubbo\repository\com\baomidou\mybatis-plus-extension\3.4.1\mybatis-plus-extension-3.4.1.jar;D:\java\dubbo\repository\com\baomidou\mybatis-plus-core\3.4.1\mybatis-plus-core-3.4.1.jar;D:\java\dubbo\repository\com\baomidou\mybatis-plus-annotation\3.4.1\mybatis-plus-annotation-3.4.1.jar;D:\java\dubbo\repository\com\github\jsqlparser\jsqlparser\3.2\jsqlparser-3.2.jar;D:\java\dubbo\repository\org\mybatis\mybatis\3.5.6\mybatis-3.5.6.jar;D:\java\dubbo\repository\org\mybatis\mybatis-spring\2.0.5\mybatis-spring-2.0.5.jar;D:\java\dubbo\repository\org\springframework\boot\spring-boot-autoconfigure\2.3.6.RELEASE\spring-boot-autoconfigure-2.3.6.RELEASE.jar;D:\java\dubbo\repository\org\springframework\boot\spring-boot-starter-jdbc\2.3.6.RELEASE\spring-boot-starter-jdbc-2.3.6.RELEASE.jar;D:\java\dubbo\repository\com\zaxxer\HikariCP\3.4.5\HikariCP-3.4.5.jar;D:\java\dubbo\repository\org\springframework\spring-jdbc\5.2.11.RELEASE\spring-jdbc-5.2.11.RELEASE.jar;D:\java\dubbo\repository\mysql\mysql-connector-java\5.1.46\mysql-connector-java-5.1.46.jar;D:\java\dubbo\repository\com\alibaba\cloud\spring-cloud-starter-alibaba-nacos-discovery\2.2.5.RELEASE\spring-cloud-starter-alibaba-nacos-discovery-2.2.5.RELEASE.jar;D:\java\dubbo\repository\com\alibaba\cloud\spring-cloud-alibaba-commons\2.2.5.RELEASE\spring-cloud-alibaba-commons-2.2.5.RELEASE.jar;D:\java\dubbo\repository\com\alibaba\nacos\nacos-client\1.4.1\nacos-client-1.4.1.jar;D:\java\dubbo\repository\com\alibaba\nacos\nacos-common\1.4.1\nacos-common-1.4.1.jar;D:\java\dubbo\repository\commons-io\commons-io\2.2\commons-io-2.2.jar;D:\java\dubbo\repository\org\apache\httpcomponents\httpasyncclient\4.1.4\httpasyncclient-4.1.4.jar;D:\java\dubbo\repository\com\alibaba\nacos\nacos-api\1.4.1\nacos-api-1.4.1.jar;D:\java\dubbo\repository\commons-codec\commons-codec\1.14\commons-codec-1.14.jar;D:\java\dubbo\repository\io\prometheus\simpleclient\0.5.0\simpleclient-0.5.0.jar;D:\java\dubbo\repository\com\alibaba\spring\spring-context-support\1.0.10\spring-context-support-1.0.10.jar;D:\java\dubbo\repository\org\springframework\cloud\spring-cloud-commons\2.2.5.RELEASE\spring-cloud-commons-2.2.5.RELEASE.jar;D:\java\dubbo\repository\org\springframework\security\spring-security-crypto\5.3.5.RELEASE\spring-security-crypto-5.3.5.RELEASE.jar;D:\java\dubbo\repository\org\springframework\cloud\spring-cloud-context\2.2.5.RELEASE\spring-cloud-context-2.2.5.RELEASE.jar;D:\java\dubbo\repository\org\springframework\cloud\spring-cloud-starter-netflix-ribbon\2.2.5.RELEASE\spring-cloud-starter-netflix-ribbon-2.2.5.RELEASE.jar;D:\java\dubbo\repository\org\springframework\cloud\spring-cloud-netflix-ribbon\2.2.5.RELEASE\spring-cloud-netflix-ribbon-2.2.5.RELEASE.jar;D:\java\dubbo\repository\org\springframework\cloud\spring-cloud-netflix-archaius\2.2.5.RELEASE\spring-cloud-netflix-archaius-2.2.5.RELEASE.jar;D:\java\dubbo\repository\org\springframework\cloud\spring-cloud-starter-netflix-archaius\2.2.5.RELEASE\spring-cloud-starter-netflix-archaius-2.2.5.RELEASE.jar;D:\java\dubbo\repository\commons-configuration\commons-configuration\1.8\commons-configuration-1.8.jar;D:\java\dubbo\repository\com\netflix\ribbon\ribbon\2.3.0\ribbon-2.3.0.jar;D:\java\dubbo\repository\com\netflix\ribbon\ribbon-transport\2.3.0\ribbon-transport-2.3.0.jar;D:\java\dubbo\repository\io\reactivex\rxnetty-contexts\0.4.9\rxnetty-contexts-0.4.9.jar;D:\java\dubbo\repository\io\reactivex\rxnetty-servo\0.4.9\rxnetty-servo-0.4.9.jar;D:\java\dubbo\repository\javax\inject\javax.inject\1\javax.inject-1.jar;D:\java\dubbo\repository\io\reactivex\rxnetty\0.4.9\rxnetty-0.4.9.jar;D:\java\dubbo\repository\com\netflix\ribbon\ribbon-core\2.3.0\ribbon-core-2.3.0.jar;D:\java\dubbo\repository\commons-lang\commons-lang\2.6\commons-lang-2.6.jar;D:\java\dubbo\repository\com\netflix\ribbon\ribbon-httpclient\2.3.0\ribbon-httpclient-2.3.0.jar;D:\java\dubbo\repository\commons-collections\commons-collections\3.2.2\commons-collections-3.2.2.jar;D:\java\dubbo\repository\com\sun\jersey\jersey-client\1.19.1\jersey-client-1.19.1.jar;D:\java\dubbo\repository\com\sun\jersey\jersey-core\1.19.1\jersey-core-1.19.1.jar;D:\java\dubbo\repository\javax\ws\rs\jsr311-api\1.1.1\jsr311-api-1.1.1.jar;D:\java\dubbo\repository\com\sun\jersey\contribs\jersey-apache-client4\1.19.1\jersey-apache-client4-1.19.1.jar;D:\java\dubbo\repository\com\netflix\servo\servo-core\0.12.21\servo-core-0.12.21.jar;D:\java\dubbo\repository\com\netflix\netflix-commons\netflix-commons-util\0.3.0\netflix-commons-util-0.3.0.jar;D:\java\dubbo\repository\com\netflix\ribbon\ribbon-loadbalancer\2.3.0\ribbon-loadbalancer-2.3.0.jar;D:\java\dubbo\repository\com\netflix\netflix-commons\netflix-statistics\0.1.1\netflix-statistics-0.1.1.jar;D:\java\dubbo\repository\io\reactivex\rxjava\1.3.8\rxjava-1.3.8.jar;D:\java\dubbo\repository\com\alibaba\cloud\spring-cloud-starter-alibaba-nacos-config\2.2.5.RELEASE\spring-cloud-starter-alibaba-nacos-config-2.2.5.RELEASE.jar;D:\java\dubbo\repository\org\springframework\cloud\spring-cloud-starter-openfeign\2.2.5.RELEASE\spring-cloud-starter-openfeign-2.2.5.RELEASE.jar;D:\java\dubbo\repository\org\springframework\cloud\spring-cloud-starter\2.2.5.RELEASE\spring-cloud-starter-2.2.5.RELEASE.jar;D:\java\dubbo\repository\org\springframework\security\spring-security-rsa\1.0.9.RELEASE\spring-security-rsa-1.0.9.RELEASE.jar;D:\java\dubbo\repository\org\bouncycastle\bcpkix-jdk15on\1.64\bcpkix-jdk15on-1.64.jar;D:\java\dubbo\repository\org\bouncycastle\bcprov-jdk15on\1.64\bcprov-jdk15on-1.64.jar;D:\java\dubbo\repository\org\springframework\cloud\spring-cloud-openfeign-core\2.2.5.RELEASE\spring-cloud-openfeign-core-2.2.5.RELEASE.jar;D:\java\dubbo\repository\org\springframework\boot\spring-boot-starter-aop\2.3.6.RELEASE\spring-boot-starter-aop-2.3.6.RELEASE.jar;D:\java\dubbo\repository\io\github\openfeign\form\feign-form-spring\3.8.0\feign-form-spring-3.8.0.jar;D:\java\dubbo\repository\io\github\openfeign\form\feign-form\3.8.0\feign-form-3.8.0.jar;D:\java\dubbo\repository\commons-fileupload\commons-fileupload\1.4\commons-fileupload-1.4.jar;D:\java\dubbo\repository\io\github\openfeign\feign-core\10.10.1\feign-core-10.10.1.jar;D:\java\dubbo\repository\io\github\openfeign\feign-slf4j\10.10.1\feign-slf4j-10.10.1.jar;D:\java\dubbo\repository\io\github\openfeign\feign-hystrix\10.10.1\feign-hystrix-10.10.1.jar;D:\java\dubbo\repository\com\netflix\archaius\archaius-core\0.7.6\archaius-core-0.7.6.jar;D:\java\dubbo\repository\com\netflix\hystrix\hystrix-core\1.5.18\hystrix-core-1.5.18.jar;D:\java\dubbo\repository\org\hdrhistogram\HdrHistogram\2.1.9\HdrHistogram-2.1.9.jar;D:\java\dubbo\repository\com\alibaba\cloud\spring-cloud-starter-alibaba-sentinel\2.2.5.RELEASE\spring-cloud-starter-alibaba-sentinel-2.2.5.RELEASE.jar;D:\java\dubbo\repository\com\alibaba\csp\sentinel-transport-simple-http\1.8.0\sentinel-transport-simple-http-1.8.0.jar;D:\java\dubbo\repository\com\alibaba\csp\sentinel-transport-common\1.8.0\sentinel-transport-common-1.8.0.jar;D:\java\dubbo\repository\com\alibaba\csp\sentinel-datasource-extension\1.8.0\sentinel-datasource-extension-1.8.0.jar;D:\java\dubbo\repository\com\alibaba\csp\sentinel-annotation-aspectj\1.8.0\sentinel-annotation-aspectj-1.8.0.jar;D:\java\dubbo\repository\com\alibaba\csp\sentinel-core\1.8.0\sentinel-core-1.8.0.jar;D:\java\dubbo\repository\org\aspectj\aspectjrt\1.9.6\aspectjrt-1.9.6.jar;D:\java\dubbo\repository\org\aspectj\aspectjweaver\1.9.6\aspectjweaver-1.9.6.jar;D:\java\dubbo\repository\com\alibaba\cloud\spring-cloud-circuitbreaker-sentinel\2.2.5.RELEASE\spring-cloud-circuitbreaker-sentinel-2.2.5.RELEASE.jar;D:\java\dubbo\repository\com\alibaba\csp\sentinel-reactor-adapter\1.8.0\sentinel-reactor-adapter-1.8.0.jar;D:\java\dubbo\repository\com\alibaba\csp\sentinel-spring-webflux-adapter\1.8.0\sentinel-spring-webflux-adapter-1.8.0.jar;D:\java\dubbo\repository\com\alibaba\csp\sentinel-spring-webmvc-adapter\1.8.0\sentinel-spring-webmvc-adapter-1.8.0.jar;D:\java\dubbo\repository\com\alibaba\csp\sentinel-parameter-flow-control\1.8.0\sentinel-parameter-flow-control-1.8.0.jar;D:\java\dubbo\repository\com\googlecode\concurrentlinkedhashmap\concurrentlinkedhashmap-lru\1.4.2\concurrentlinkedhashmap-lru-1.4.2.jar;D:\java\dubbo\repository\com\alibaba\csp\sentinel-cluster-server-default\1.8.0\sentinel-cluster-server-default-1.8.0.jar;D:\java\dubbo\repository\com\alibaba\csp\sentinel-cluster-common-default\1.8.0\sentinel-cluster-common-default-1.8.0.jar;D:\java\dubbo\repository\com\alibaba\csp\sentinel-cluster-client-default\1.8.0\sentinel-cluster-client-default-1.8.0.jar;D:\java\dubbo\repository\com\alibaba\cloud\spring-cloud-alibaba-sentinel-datasource\2.2.5.RELEASE\spring-cloud-alibaba-sentinel-datasource-2.2.5.RELEASE.jar;D:\java\dubbo\repository\org\springframework\boot\spring-boot-devtools\2.3.6.RELEASE\spring-boot-devtools-2.3.6.RELEASE.jar;D:\java\dubbo\repository\org\springframework\boot\spring-boot\2.3.6.RELEASE\spring-boot-2.3.6.RELEASE.jar;D:\java\dubbo\repository\org\springframework\cloud\spring-cloud-starter-zipkin\2.2.5.RELEASE\spring-cloud-starter-zipkin-2.2.5.RELEASE.jar;D:\java\dubbo\repository\org\springframework\cloud\spring-cloud-starter-sleuth\2.2.5.RELEASE\spring-cloud-starter-sleuth-2.2.5.RELEASE.jar;D:\java\dubbo\repository\org\springframework\cloud\spring-cloud-sleuth-core\2.2.5.RELEASE\spring-cloud-sleuth-core-2.2.5.RELEASE.jar;D:\java\dubbo\repository\io\zipkin\brave\brave\5.12.3\brave-5.12.3.jar;D:\java\dubbo\repository\io\zipkin\brave\brave-context-slf4j\5.12.3\brave-context-slf4j-5.12.3.jar;D:\java\dubbo\repository\io\zipkin\brave\brave-instrumentation-messaging\5.12.3\brave-instrumentation-messaging-5.12.3.jar;D:\java\dubbo\repository\io\zipkin\brave\brave-instrumentation-rpc\5.12.3\brave-instrumentation-rpc-5.12.3.jar;D:\java\dubbo\repository\io\zipkin\brave\brave-instrumentation-spring-web\5.12.3\brave-instrumentation-spring-web-5.12.3.jar;D:\java\dubbo\repository\io\zipkin\brave\brave-instrumentation-http\5.12.3\brave-instrumentation-http-5.12.3.jar;D:\java\dubbo\repository\io\zipkin\brave\brave-instrumentation-spring-rabbit\5.12.3\brave-instrumentation-spring-rabbit-5.12.3.jar;D:\java\dubbo\repository\io\zipkin\brave\brave-instrumentation-kafka-clients\5.12.3\brave-instrumentation-kafka-clients-5.12.3.jar;D:\java\dubbo\repository\io\zipkin\brave\brave-instrumentation-kafka-streams\5.12.3\brave-instrumentation-kafka-streams-5.12.3.jar;D:\java\dubbo\repository\io\zipkin\brave\brave-instrumentation-httpclient\5.12.3\brave-instrumentation-httpclient-5.12.3.jar;D:\java\dubbo\repository\io\zipkin\brave\brave-instrumentation-httpasyncclient\5.12.3\brave-instrumentation-httpasyncclient-5.12.3.jar;D:\java\dubbo\repository\io\zipkin\brave\brave-instrumentation-spring-webmvc\5.12.3\brave-instrumentation-spring-webmvc-5.12.3.jar;D:\java\dubbo\repository\io\zipkin\brave\brave-instrumentation-servlet\5.12.3\brave-instrumentation-servlet-5.12.3.jar;D:\java\dubbo\repository\io\zipkin\brave\brave-instrumentation-jms\5.12.3\brave-instrumentation-jms-5.12.3.jar;D:\java\dubbo\repository\io\zipkin\reporter2\zipkin-reporter-metrics-micrometer\2.15.0\zipkin-reporter-metrics-micrometer-2.15.0.jar;D:\java\dubbo\repository\org\springframework\cloud\spring-cloud-sleuth-zipkin\2.2.5.RELEASE\spring-cloud-sleuth-zipkin-2.2.5.RELEASE.jar;D:\java\dubbo\repository\io\zipkin\zipkin2\zipkin\2.21.1\zipkin-2.21.1.jar;D:\java\dubbo\repository\io\zipkin\reporter2\zipkin-reporter\2.15.0\zipkin-reporter-2.15.0.jar;D:\java\dubbo\repository\io\zipkin\reporter2\zipkin-reporter-brave\2.15.0\zipkin-reporter-brave-2.15.0.jar;D:\java\dubbo\repository\io\zipkin\reporter2\zipkin-sender-kafka\2.15.0\zipkin-sender-kafka-2.15.0.jar;D:\java\dubbo\repository\io\zipkin\reporter2\zipkin-sender-activemq-client\2.15.0\zipkin-sender-activemq-client-2.15.0.jar;D:\java\dubbo\repository\io\zipkin\reporter2\zipkin-sender-amqp-client\2.15.0\zipkin-sender-amqp-client-2.15.0.jar;"/>
    <property name="sun.cpu.endian" value="little"/>
    <property name="user.home" value="C:\Users\OMEN"/>
    <property name="user.language" value="zh"/>
    <property name="java.specification.vendor" value="Oracle Corporation"/>
    <property name="java.version.date" value="2019-09-17"/>
    <property name="java.home" value="D:\java\Java\jdk-13"/>
    <property name="file.separator" value="\"/>
    <property name="basedir" value="D:\IDEA\gmall-parent\service\service-list"/>
    <property name="java.vm.compressedOopsMode" value="Zero based"/>
    <property name="line.separator" value="&#10;"/>
    <property name="java.vm.specification.vendor" value="Oracle Corporation"/>
    <property name="java.specification.name" value="Java Platform API Specification"/>
    <property name="idea.version2020.1.3" value="true"/>
    <property name="surefire.real.class.path" value="C:\Users\OMEN\AppData\Local\Temp\surefire8172807792206690856\surefirebooter8514228536598603623.jar"/>
    <property name="user.script" value=""/>
    <property name="sun.management.compiler" value="HotSpot 64-Bit Tiered Compilers"/>
    <property name="java.runtime.version" value="13-ea+33"/>
    <property name="user.name" value="OMEN"/>
    <property name="path.separator" value=";"/>
    <property name="os.version" value="10.0"/>
    <property name="java.runtime.name" value="Java(TM) SE Runtime Environment"/>
    <property name="file.encoding" value="GBK"/>
    <property name="java.vm.name" value="Java HotSpot(TM) 64-Bit Server VM"/>
    <property name="localRepository" value="D:\java\dubbo\repository"/>
    <property name="java.vendor.url.bug" value="https://bugreport.java.com/bugreport/"/>
    <property name="java.io.tmpdir" value="C:\Users\OMEN\AppData\Local\Temp\"/>
    <property name="java.version" value="13-ea"/>
    <property name="user.dir" value="D:\IDEA\gmall-parent\service\service-list"/>
    <property name="os.arch" value="amd64"/>
    <property name="java.vm.specification.name" value="Java Virtual Machine Specification"/>
    <property name="sun.os.patch.level" value=""/>
    <property name="java.library.path" value="D:\java\Java\jdk-13\bin;C:\Windows\Sun\Java\bin;C:\Windows\system32;C:\Windows;C:\Program Files (x86)\VMware\VMware Workstation\bin\;C:\Windows\system32;C:\Windows;C:\Windows\System32\Wbem;C:\Windows\System32\WindowsPowerShell\v1.0\;C:\Windows\System32\OpenSSH\;D:\快捷方式;%JA;A_HOME%\bin;D:\java\Java\jdk-13\jre\bin;D:\maven\apache-maven-3.6.3\bin;D:\Visual Studio Code\Microsoft VS Code\bin;D:\MySQL\MySQL\MySQL Server 5.7\bin;D:\git\Git\cmd;D:\myNodeJs\;C:\Users\OMEN\AppData\Local\Microsoft\WindowsApps;C:\Users\OMEN\AppData\Roaming\npm;C:\Users\OMEN\AppData\Local\GitHubDesktop\bin;."/>
    <property name="java.vm.info" value="mixed mode, sharing"/>
    <property name="java.vendor" value="Oracle Corporation"/>
    <property name="java.vm.version" value="13-ea+33"/>
    <property name="sun.io.unicode.encoding" value="UnicodeLittle"/>
    <property name="maven.repo.local" value="D:\java\dubbo\repository"/>
    <property name="java.class.version" value="57.0"/>
  </properties>
</testsuite>